#
# A fatal error has been detected by the Java Runtime Environment:
#
#  Internal Error (os_windows_x86.cpp:114), pid=10672, tid=16576
#  Error: guarantee(result == -1,"Unexpected result from topLevelExceptionFilter")
#
# JRE version: 6.0_17-b04
# Java VM: Java HotSpot(TM) 64-Bit Server VM (14.3-b01 mixed mode windows-amd64 )
# If you would like to submit a bug report, please visit:
#   http://java.sun.com/webapps/bugreport/crash.jsp
# The crash happened outside the Java Virtual Machine in native code.
# See problematic frame for where to report the bug.
#

---------------  T H R E A D  ---------------

Current thread (0x000000003e4b0000):  JavaThread "AWT-EventQueue-0" [_thread_in_native, id=16576, stack(0x000000001e3b0000,0x000000001e430000)]

Stack: [0x000000001e3b0000,0x000000001e430000]
[error occurred during error reporting (printing stack bounds), id 0xc0000005]

Java frames: (J=compiled Java code, j=interpreted, Vv=VM code)
j  sun.awt.windows.WGlobalCursorManager.findHeavyweightUnderCursor(Z)Ljava/awt/Component;+0
j  sun.awt.GlobalCursorManager._updateCursor(Z)V+30
j  sun.awt.GlobalCursorManager.access$000(Lsun/awt/GlobalCursorManager;Z)V+2
j  sun.awt.GlobalCursorManager$NativeUpdater.run()V+39
j  java.awt.event.InvocationEvent.dispatch()V+47
j  java.awt.EventQueue.dispatchEvent(Ljava/awt/AWTEvent;)V+26
j  java.awt.EventDispatchThread.pumpOneEventForFilters(I)Z+204
j  java.awt.EventDispatchThread.pumpEventsForFilter(ILjava/awt/Conditional;Ljava/awt/EventFilter;)V+30
j  java.awt.EventDispatchThread.pumpEventsForHierarchy(ILjava/awt/Conditional;Ljava/awt/Component;)V+11
j  java.awt.EventDispatchThread.pumpEvents(ILjava/awt/Conditional;)V+4
j  java.awt.EventDispatchThread.pumpEvents(Ljava/awt/Conditional;)V+3
j  java.awt.EventDispatchThread.run()V+9
v  ~StubRoutines::call_stub

---------------  P R O C E S S  ---------------

Java Threads: ( => current thread )
=>0x000000003e4b0000 JavaThread "AWT-EventQueue-0" [_thread_in_native, id=16576, stack(0x000000001e3b0000,0x000000001e430000)]
  0x000000003e65d800 JavaThread "AWT-Shutdown" [_thread_blocked, id=10752, stack(0x00000000203e0000,0x0000000020460000)]
  0x0000000042fb6000 JavaThread "FelixPackageAdmin" daemon [_thread_blocked, id=4260, stack(0x000000001e4f0000,0x000000001e570000)]
  0x000000003de79800 JavaThread "FelixStartLevel" daemon [_thread_blocked, id=13644, stack(0x000000001e620000,0x000000001e6a0000)]
  0x000000003dc01000 JavaThread "FelixDispatchQueue" daemon [_thread_blocked, id=15876, stack(0x000000001e300000,0x000000001e380000)]
  0x000000003e588000 JavaThread "AWT-Windows" daemon [_thread_in_native, id=10320, stack(0x000000003e890000,0x000000003e910000)]
  0x000000003e586800 JavaThread "Java2D Disposer" daemon [_thread_blocked, id=13080, stack(0x000000003e810000,0x000000003e890000)]
  0x000000003dda7000 JavaThread "JMI Unnamed Thread" [_thread_in_native, id=4288, stack(0x0000000024cd0000,0x0000000024dd0000)]
  0x000000003d6eb000 JavaThread "Low Memory Detector" daemon [_thread_blocked, id=16652, stack(0x000000003d950000,0x000000003d9d0000)]
  0x000000003d6a0000 JavaThread "CompilerThread1" daemon [_thread_blocked, id=15680, stack(0x000000003dae0000,0x000000003dbe0000)]
  0x000000003d69c000 JavaThread "CompilerThread0" daemon [_thread_blocked, id=13900, stack(0x000000003d800000,0x000000003d900000)]
  0x000000003d69b000 JavaThread "Attach Listener" daemon [_thread_blocked, id=11360, stack(0x0000000024fe0000,0x0000000025060000)]
  0x000000003d685000 JavaThread "Finalizer" daemon [_thread_blocked, id=1496, stack(0x000000003d430000,0x000000003d4b0000)]
  0x000000003d67b000 JavaThread "Reference Handler" daemon [_thread_blocked, id=14888, stack(0x000000003cee0000,0x000000003cf60000)]
  0x00000000007f7800 JavaThread "main" [_thread_in_native, id=13424, stack(0x00000000244d0000,0x0000000024cd0000)]

Other Threads:
  0x000000003d675800 VMThread [stack: 0x000000003d160000,0x000000003d260000] [id=14440]
  0x000000003dbf0800 WatcherThread [stack: 0x000000003d9d0000,0x000000003dad0000] [id=10980]

VM state:not at safepoint (normal execution)

VM Mutex/Monitor currently owned by a thread: None

Heap
 PSYoungGen      total 14080K, used 7881K [0x0000000039470000, 0x000000003a810000, 0x000000003c570000)
  eden space 12032K, 48% used [0x0000000039470000,0x0000000039a25be8,0x000000003a030000)
  from space 2048K, 99% used [0x000000003a070000,0x000000003a26cad0,0x000000003a270000)
  to   space 4032K, 0% used [0x000000003a420000,0x000000003a420000,0x000000003a810000)
 PSOldGen        total 49152K, used 3857K [0x0000000030170000, 0x0000000033170000, 0x0000000039470000)
  object space 49152K, 7% used [0x0000000030170000,0x0000000030534510,0x0000000033170000)
 PSPermGen       total 32768K, used 22462K [0x0000000028170000, 0x000000002a170000, 0x0000000030170000)
  object space 32768K, 68% used [0x0000000028170000,0x000000002975f9c8,0x000000002a170000)

Dynamic libraries:
0x00000000011c0000 - 0x00000000011c8000 	F:\project_sg\LDDS\LDDSUIcodeLocalembedded0123\LDDSUIcode\Designer\bin\Debug\Designer.vshost.exe
0x0000000076d60000 - 0x0000000076f09000 	C:\Windows\SYSTEM32\ntdll.dll
0x000007fef6260000 - 0x000007fef62cf000 	C:\Windows\SYSTEM32\MSCOREE.DLL
0x0000000076c40000 - 0x0000000076d5f000 	C:\Windows\system32\KERNEL32.dll
0x000007fefcb40000 - 0x000007fefcbac000 	C:\Windows\system32\KERNELBASE.dll
0x000007fefbd00000 - 0x000007fefbd84000 	C:\Windows\system32\tmumh\20019\AddOn\6.80.0.1007\TmUmEvt64.dll
0x0000000076f30000 - 0x0000000076f37000 	C:\Windows\system32\PSAPI.DLL
0x000007fefd640000 - 0x000007fefd6b1000 	C:\Windows\system32\SHLWAPI.dll
0x000007fefcf30000 - 0x000007fefcf97000 	C:\Windows\system32\GDI32.dll
0x0000000076b40000 - 0x0000000076c3a000 	C:\Windows\system32\USER32.dll
0x000007fefcfa0000 - 0x000007fefcfae000 	C:\Windows\system32\LPK.dll
0x000007fefefa0000 - 0x000007feff069000 	C:\Windows\system32\USP10.dll
0x000007fefd8f0000 - 0x000007fefd98f000 	C:\Windows\system32\msvcrt.dll
0x000007fefebc0000 - 0x000007fefec9b000 	C:\Windows\system32\ADVAPI32.dll
0x000007fefdb20000 - 0x000007fefdb3f000 	C:\Windows\SYSTEM32\sechost.dll
0x000007fefd7c0000 - 0x000007fefd8ed000 	C:\Windows\system32\RPCRT4.dll
0x0000000074790000 - 0x00000000748ae000 	C:\Windows\system32\tmumh\20019\TmMon\1.6.0.1179\tmmon64.dll
0x000007fefc920000 - 0x000007fefc977000 	C:\Windows\system32\apphelp.dll
0x000007feebd90000 - 0x000007feebde1000 	C:\Windows\AppPatch\AppPatch64\AcGenral.DLL
0x000007fefc770000 - 0x000007fefc795000 	C:\Windows\system32\SspiCli.dll
0x000007fefd140000 - 0x000007fefd343000 	C:\Windows\system32\ole32.dll
0x000007fefdb40000 - 0x000007fefe8c8000 	C:\Windows\system32\SHELL32.dll
0x0000000071b90000 - 0x0000000071b93000 	C:\Windows\system32\sfc.dll
0x000007fef7340000 - 0x000007fef7350000 	C:\Windows\system32\sfc_os.DLL
0x000007fefceb0000 - 0x000007fefcece000 	C:\Windows\system32\USERENV.dll
0x000007fefcb30000 - 0x000007fefcb3f000 	C:\Windows\system32\profapi.dll
0x000007fefaed0000 - 0x000007fefaee8000 	C:\Windows\system32\dwmapi.dll
0x000007fef5e90000 - 0x000007fef5ea8000 	C:\Windows\system32\MPR.dll
0x000007fefef70000 - 0x000007fefef9e000 	C:\Windows\system32\IMM32.DLL
0x000007fefd030000 - 0x000007fefd139000 	C:\Windows\system32\MSCTF.dll
0x000007fef61c0000 - 0x000007fef6258000 	C:\Windows\Microsoft.NET\Framework64\v4.0.30319\mscoreei.dll
0x000007fefbb50000 - 0x000007fefbb5c000 	C:\Windows\system32\VERSION.dll
0x000007fed53c0000 - 0x000007fed5d1c000 	C:\Windows\Microsoft.NET\Framework64\v4.0.30319\clr.dll
0x000007fee6ef0000 - 0x000007fee6fe7000 	C:\Windows\system32\MSVCR120_CLR0400.dll
0x000007fed3f20000 - 0x000007fed53b8000 	C:\Windows\assembly\NativeImages_v4.0.30319_64\mscorlib\fa8eef6f6cb67c660d71e15c5cad71b5\mscorlib.ni.dll
0x000007feeed10000 - 0x000007feeed26000 	C:\Windows\Microsoft.NET\Framework64\v4.0.30319\nlssorting.dll
0x000007fefa070000 - 0x000007fefa073000 	C:\Windows\system32\api-ms-win-core-xstate-l2-1-0.dll
0x000007fee5f30000 - 0x000007fee6035000 	C:\Windows\Microsoft.NET\Framework64\v4.0.30319\clrjit.dll
0x000007fefecb0000 - 0x000007fefed87000 	C:\Windows\system32\OLEAUT32.dll
0x000007fecd6a0000 - 0x000007fece271000 	C:\Windows\assembly\NativeImages_v4.0.30319_64\System\5f665a4076cb8d9479ca406e7827fb9f\System.ni.dll
0x000007fedb980000 - 0x000007fedbb6b000 	C:\Windows\assembly\NativeImages_v4.0.30319_64\System.Drawing\1751687825177cb487c1080d7e37401f\System.Drawing.ni.dll
0x000007fedaa90000 - 0x000007fedb974000 	C:\Windows\assembly\NativeImages_v4.0.30319_64\System.Windows.Forms\a359814ff0333ca2c4ab29f30f55dd20\System.Windows.Forms.ni.dll
0x000007fee5e80000 - 0x000007fee5ea3000 	C:\Program Files\Common Files\Microsoft Shared\VS7Debug\14.0\Microsoft.VisualStudio.Debugger.Runtime.Impl.dll
0x000007fef5d90000 - 0x000007fef5d93000 	C:\Windows\system32\api-ms-win-core-synch-l1-2-0.DLL
0x000007fefc980000 - 0x000007fefc98f000 	C:\Windows\system32\CRYPTBASE.dll
0x000007fefd6c0000 - 0x000007fefd759000 	C:\Windows\system32\CLBCatQ.DLL
0x000007fefc320000 - 0x000007fefc337000 	C:\Windows\system32\CRYPTSP.dll
0x000007fefbfc0000 - 0x000007fefc007000 	C:\Windows\system32\rsaenh.dll
0x000007fefca70000 - 0x000007fefca84000 	C:\Windows\system32\RpcRtRemote.dll
0x000007fefc9d0000 - 0x000007fefca61000 	C:\Windows\system32\SXS.DLL
0x000007fece4d0000 - 0x000007fecee5b000 	C:\Windows\assembly\NativeImages_v4.0.30319_64\System.Core\5034a88e58f966dd7d69fe9b9875832c\System.Core.ni.dll
0x000007fee5400000 - 0x000007fee55e0000 	C:\Windows\assembly\NativeImages_v4.0.30319_64\Microsoft.CSharp\15604a8a004b56b4ab3a190223441666\Microsoft.CSharp.ni.dll
0x000007fee4520000 - 0x000007fee4641000 	C:\Windows\assembly\NativeImages_v4.0.30319_64\System.Configuration\46ec60579b59cedcc8c39cabca6d1153\System.Configuration.ni.dll
0x000007fecbea0000 - 0x000007fecc7ab000 	C:\Windows\assembly\NativeImages_v4.0.30319_64\System.Data\8d52adb77d289d4bca797c81969b3476\System.Data.ni.dll
0x000007fedd6e0000 - 0x000007fedda2d000 	C:\Windows\Microsoft.Net\assembly\GAC_64\System.Data\v4.0_4.0.0.0__b77a5c561934e089\System.Data.dll
0x000007fefcee0000 - 0x000007fefcf2d000 	C:\Windows\system32\WS2_32.dll
0x000007fefeca0000 - 0x000007fefeca8000 	C:\Windows\system32\NSI.dll
0x000007fefcd20000 - 0x000007fefce8d000 	C:\Windows\system32\CRYPT32.dll
0x000007fefcb20000 - 0x000007fefcb2f000 	C:\Windows\system32\MSASN1.dll
0x000007feed600000 - 0x000007feed62c000 	C:\Windows\assembly\NativeImages_v4.0.30319_64\System.Data7706cdc8#\44f52a27a020a649d350c28ffabd5ace\System.Data.DataSetExtensions.ni.dll
0x000007feda860000 - 0x000007fedaa88000 	C:\Windows\assembly\NativeImages_v4.0.30319_64\System.Deployment\603039a47d404d563c9590798e568a2d\System.Deployment.ni.dll
0x000007fec8860000 - 0x000007fec946e000 	C:\Windows\assembly\NativeImages_v4.0.30319_64\System.Design\17f052357455a7aa9e84a4095a63ac85\System.Design.ni.dll
0x000007feddcb0000 - 0x000007feddd68000 	C:\Windows\assembly\NativeImages_v4.0.30319_64\System.Messaging\8d74b9a6dabd3114181eb79207965c5e\System.Messaging.ni.dll
0x000007fecaef0000 - 0x000007fecbe97000 	C:\Windows\assembly\NativeImages_v4.0.30319_64\System.Web\ee13e78d37a5275c8b058abf59639dd2\System.Web.ni.dll
0x000007feda4d0000 - 0x000007feda85f000 	C:\Windows\assembly\NativeImages_v4.0.30319_64\System.Web.28b9ef5a#\7dc3a3ae4835caec2f32dfe2757d2916\System.Web.Extensions.ni.dll
0x000007fed3a80000 - 0x000007fed3c94000 	C:\Windows\assembly\NativeImages_v4.0.30319_64\System.Web.Services\58d492c9ffb27f7a63738270910792d1\System.Web.Services.ni.dll
0x000007fecc820000 - 0x000007feccd1e000 	C:\Windows\assembly\NativeImages_v4.0.30319_64\System.Wind0de890be#\e20490f39091b00e439556e7c8b1a525\System.Windows.Forms.DataVisualization.ni.dll
0x000007fec9a40000 - 0x000007feca2d2000 	C:\Windows\assembly\NativeImages_v4.0.30319_64\System.Xml\c9576235d85a3db71a0bee45aa4155ba\System.Xml.ni.dll
0x000007fee5eb0000 - 0x000007fee5f28000 	C:\Windows\assembly\NativeImages_v4.0.30319_64\System.Xml.Linq\d0a5b228d664cec95ad005642355acee\System.Xml.Linq.ni.dll
0x000007fefb430000 - 0x000007fefb486000 	C:\Windows\system32\uxtheme.dll
0x000007fef90b0000 - 0x000007fef9150000 	C:\Windows\WinSxS\amd64_microsoft.windows.common-controls_6595b64144ccf1df_5.82.7601.18201_none_a4d3b9377117c3df\comctl32.dll
0x000007fef1a00000 - 0x000007fef1a11000 	C:\Users\QWU009\AppData\Local\Youdao\Dict\Application\6.3.69.8341\WordStrokeHelper64.dll
0x000007fefb4c0000 - 0x000007fefb6b4000 	C:\Windows\WinSxS\amd64_microsoft.windows.common-controls_6595b64144ccf1df_6.0.7601.17514_none_fa396087175ac9ac\comctl32.dll
0x000007fefb210000 - 0x000007fefb426000 	C:\Windows\WinSxS\amd64_microsoft.windows.gdiplus_6595b64144ccf1df_1.1.7601.18455_none_2b283fd671e9bf4d\gdiplus.dll
0x000007fefab00000 - 0x000007fefac61000 	C:\Windows\system32\WindowsCodecs.dll
0x000007fedcf20000 - 0x000007fedcff7000 	C:\Windows\assembly\NativeImages_v4.0.30319_64\System.Transactions\b44bdaedc4f62da5d0ba099aee8acc52\System.Transactions.ni.dll
0x000007fede0a0000 - 0x000007fede0ed000 	C:\Windows\Microsoft.Net\assembly\GAC_64\System.Transactions\v4.0_4.0.0.0__b77a5c561934e089\System.Transactions.dll
0x000007fedc330000 - 0x000007fedc42a000 	C:\Windows\assembly\NativeImages_v4.0.30319_64\System.Ente96d83b35#\12b0f61307b5380e1f2affec6e4052e0\System.EnterpriseServices.ni.dll
0x000007fedcec0000 - 0x000007fedcf14000 	C:\Windows\assembly\NativeImages_v4.0.30319_64\System.Ente96d83b35#\12b0f61307b5380e1f2affec6e4052e0\System.EnterpriseServices.Wrapper.dll
0x000007fee2570000 - 0x000007fee2595000 	C:\Windows\Microsoft.Net\assembly\GAC_64\System.EnterpriseServices\v4.0_4.0.0.0__b03f5f7f11d50a3a\System.EnterpriseServices.Wrapper.dll
0x000007fefd990000 - 0x000007fefdb15000 	C:\Windows\system32\urlmon.dll
0x000007fefcea0000 - 0x000007fefcea4000 	C:\Windows\system32\api-ms-win-downlevel-ole32-l1-1-0.dll
0x000007fefce90000 - 0x000007fefce94000 	C:\Windows\system32\api-ms-win-downlevel-shlwapi-l1-1-0.dll
0x000007fefcc10000 - 0x000007fefcc15000 	C:\Windows\system32\api-ms-win-downlevel-advapi32-l1-1-0.dll
0x000007fefcc00000 - 0x000007fefcc04000 	C:\Windows\system32\api-ms-win-downlevel-user32-l1-1-0.dll
0x000007fefced0000 - 0x000007fefced4000 	C:\Windows\system32\api-ms-win-downlevel-version-l1-1-0.dll
0x000007fefcbb0000 - 0x000007fefcbb3000 	C:\Windows\system32\api-ms-win-downlevel-normaliz-l1-1-0.dll
0x0000000076f20000 - 0x0000000076f23000 	C:\Windows\system32\normaliz.DLL
0x000000001f600000 - 0x000000001f8c7000 	C:\Windows\system32\iertutil.dll
0x000007fefd350000 - 0x000007fefd598000 	C:\Windows\system32\WININET.dll
0x000007fefc740000 - 0x000007fefc74b000 	C:\Windows\system32\Secur32.dll
0x000007fef5d70000 - 0x000007fef5d74000 	C:\Windows\system32\api-ms-win-downlevel-advapi32-l2-1-0.dll
0x000007fefc2c0000 - 0x000007fefc315000 	C:\Windows\system32\mswsock.dll
0x000007fefbc20000 - 0x000007fefbc27000 	C:\Windows\System32\wshtcpip.dll
0x000007fefc2b0000 - 0x000007fefc2b7000 	C:\Windows\System32\wship6.dll
0x000007fefc140000 - 0x000007fefc19b000 	C:\Windows\system32\DNSAPI.dll
0x000007fefa030000 - 0x000007fefa057000 	C:\Windows\system32\IPHLPAPI.DLL
0x000007fefa010000 - 0x000007fefa01b000 	C:\Windows\system32\WINNSI.DLL
0x000007fef8cf0000 - 0x000007fef8cf8000 	C:\Windows\system32\rasadhlp.dll
0x000007fef9c90000 - 0x000007fef9ce3000 	C:\Windows\System32\fwpuclnt.dll
0x000007fecad90000 - 0x000007fecaeef000 	C:\Windows\assembly\NativeImages_v4.0.30319_64\System.Management\76e47dc45de004bcb83e90889c664a67\System.Management.ni.dll
0x000007fef6b00000 - 0x000007fef6b26000 	C:\Windows\system32\wbem\wmiutils.dll
0x000007fef79c0000 - 0x000007fef7a46000 	C:\Windows\system32\wbemcomn.dll
0x000007fef7a70000 - 0x000007fef7a7f000 	C:\Windows\system32\wbem\wbemprox.dll
0x000007feed7e0000 - 0x000007feed7ec000 	C:\Windows\Microsoft.NET\Framework64\v4.0.30319\wminet_utils.dll
0x000007fef6b30000 - 0x000007fef6b44000 	C:\Windows\system32\wbem\wbemsvc.dll
0x000007fef6b50000 - 0x000007fef6c32000 	C:\Windows\system32\wbem\fastprox.dll
0x000007fef8c70000 - 0x000007fef8c97000 	C:\Windows\system32\NTDSAPI.dll
0x000007fee5730000 - 0x000007fee5780000 	C:\Windows\assembly\NativeImages_v4.0.30319_64\System.Numerics\2155e0f780caa3dd7ce3acc6c145ef24\System.Numerics.ni.dll
0x0000000180000000 - 0x0000000180082000 	C:\Program Files\MATLAB\R2010b\runtime\win64\mclmcrrt7_14.dll
0x0000000072810000 - 0x0000000072919000 	C:\Windows\WinSxS\amd64_microsoft.vc80.crt_1fc8b3b9a1e18e3b_8.0.50727.6229_none_88dcc0bf2fb1b808\MSVCP80.dll
0x0000000072920000 - 0x00000000729e9000 	C:\Windows\WinSxS\amd64_microsoft.vc80.crt_1fc8b3b9a1e18e3b_8.0.50727.6229_none_88dcc0bf2fb1b808\MSVCR80.dll
0x000000007d190000 - 0x000000007d1fd000 	C:\Program Files\MATLAB\R2010b\bin\win64\libmx.dll
0x000000007d080000 - 0x000000007d18e000 	C:\Program Files\MATLAB\R2010b\bin\win64\libut.dll
0x000000001d150000 - 0x000000001d1cc000 	C:\Program Files\MATLAB\R2010b\bin\win64\libmwi18n.dll
0x000000001ccd0000 - 0x000000001cce0000 	C:\Program Files\MATLAB\R2010b\bin\win64\boost_date_time-vc80-mt-1_40.dll
0x000000001ce00000 - 0x000000001ce1b000 	C:\Program Files\MATLAB\R2010b\bin\win64\boost_filesystem-vc80-mt-1_40.dll
0x000000001ce20000 - 0x000000001ce29000 	C:\Program Files\MATLAB\R2010b\bin\win64\boost_system-vc80-mt-1_40.dll
0x000000001ce90000 - 0x000000001cea3000 	C:\Program Files\MATLAB\R2010b\bin\win64\boost_thread-vc80-mt-1_40.dll
0x000000007d880000 - 0x000000007d8a8000 	C:\Program Files\MATLAB\R2010b\bin\win64\LIBEXPAT.dll
0x000000007cce0000 - 0x000000007ce59000 	C:\Program Files\MATLAB\R2010b\bin\win64\icuin42.dll
0x000000007d590000 - 0x000000007d6ca000 	C:\Program Files\MATLAB\R2010b\bin\win64\icuuc42.dll
0x0000000022a50000 - 0x0000000023997000 	C:\Program Files\MATLAB\R2010b\bin\win64\icudt42.dll
0x0000000078a10000 - 0x0000000078b49000 	C:\Program Files\MATLAB\R2010b\bin\win64\libmwfl.dll
0x000007fefe8d0000 - 0x000007fefe8e9000 	C:\Windows\system32\imagehlp.dll
0x000000001fe30000 - 0x000000001ff16000 	C:\Program Files\MATLAB\R2010b\bin\win64\boost_regex-vc80-mt-1_40.dll
0x000000001d1e0000 - 0x000000001d1f4000 	C:\Program Files\MATLAB\R2010b\bin\win64\boost_signals-vc80-mt-1_40.dll
0x000000001d730000 - 0x000000001d76e000 	C:\Program Files\MATLAB\R2010b\bin\win64\tbb.dll

VM Arguments:
jvm_args: -Xss512k -XX:PermSize=32m -Xms64m -XX:NewRatio=3 -XX:MaxPermSize=128m -Xmx196m -XX:MaxDirectMemorySize=2147400000 -Dsun.java2d.noddraw=true -Dsun.awt.nopixfmt=true -Xshare:off -Xrs -Dsun.awt.disableMixing=true -Djava.library.path=C:\Program Files\MATLAB\R2010b\bin\win64 vfprintf abort 
java_command: <unknown>
Launcher Type: generic

Environment Variables:
PATH=C:\Program Files\MATLAB\R2010b\bin\win64\;C:\Program Files (x86)\Intel\iCLS Client\;C:\Program Files\Intel\iCLS Client\;C:\Program Files (x86)\NVIDIA Corporation\PhysX\Common;C:\Windows\system32;C:\Windows;C:\Windows\System32\Wbem;C:\Windows\System32\WindowsPowerShell\v1.0\;C:\Program Files\MATLAB\R2010b\runtime\win64;C:\Program Files\MATLAB\R2010b\bin;C:\Program Files\Intel\Intel(R) Management Engine Components\DAL;C:\Program Files\Intel\Intel(R) Management Engine Components\IPT;C:\Program Files (x86)\Intel\Intel(R) Management Engine Components\DAL;C:\Program Files (x86)\Intel\Intel(R) Management Engine Components\IPT;C:\Program Files (x86)\Microsoft SQL Server\100\Tools\Binn\;C:\Program Files\Microsoft SQL Server\100\Tools\Binn\;C:\Program Files\Microsoft SQL Server\100\DTS\Binn\;C:\Program Files (x86)\Common Files\Autodesk Shared\;C:\Program Files (x86)\Autodesk\Backburner\;C:\Program Files\TortoiseSVN\bin;C:\Windows\system32\config\systemprofile\.dnx\bin;C:\Program Files\Microsoft DNX\Dnvm\;C:\Program Files\Microsoft SQL Server\130\Tools\Binn\;C:\Program Files\MATLAB\MATLAB Compiler Runtime\v714\runtime\win64;C:\Users\QWU009\AppData\Local\Temp\QWU009\mcrCache7.14\NLpara3\bin\win64\
USERNAME=QWU009
OS=Windows_NT
PROCESSOR_IDENTIFIER=Intel64 Family 6 Model 58 Stepping 9, GenuineIntel



---------------  S Y S T E M  ---------------

OS: Windows 7 Build 7601 Service Pack 1

CPU:total 8 (8 cores per cpu, 2 threads per core) family 6 model 58 stepping 9, cmov, cx8, fxsr, mmx, sse, sse2, sse3, ssse3, sse4.1, sse4.2, ht

Memory: 4k page, physical 8335748k(2657064k free), swap 16669640k(9550436k free)

vm_info: Java HotSpot(TM) 64-Bit Server VM (14.3-b01) for windows-amd64 JRE (1.6.0_17-b04), built on Oct 11 2009 00:46:08 by "java_re" with MS VC++ 8.0

time: Thu Jan 26 11:16:44 2017
elapsed time: 126 seconds

